  Running UnrealBuildTool: dotnet "..\..\Engine\Binaries\DotNET\UnrealBuildTool\UnrealBuildTool.dll" VeganZombieCropApocalypseEditor Win64 Development -Project="C:\Users\khemb\Documents\GitHub\vegan-harvest\VZCA 5.1\VeganZombieCropApocalypse.uproject" -WaitMutex -FromMsBuild
  Log file: C:\Users\khemb\AppData\Local\UnrealBuildTool\Log.txt
  Using 'git status' to determine working set for adaptive non-unity build (C:\Users\khemb\Documents\GitHub\vegan-harvest).
  Creating makefile for VeganZombieCropApocalypseEditor (.uproject file is newer)
  Building VeganZombieCropApocalypseEditor...
  Using Visual Studio 2022 14.33.31631 toolchain (C:\Program Files\Microsoft Visual Studio\2022\Community\VC\Tools\MSVC\14.33.31629) and Windows 10.0.22621.0 SDK (C:\Program Files (x86)\Windows Kits\10).
  [Upgrade]
  [Upgrade] Using backward-compatible include order. The latest version of UE has changed the order of includes, which may require code changes. The current setting is:
  [Upgrade]     IncludeOrderVersion = EngineIncludeOrderVersion.Unreal5_0
  [Upgrade] Suppress this message by setting 'IncludeOrderVersion = EngineIncludeOrderVersion.Unreal5_1;' in VeganZombieCropApocalypseEditor.Target.cs.
  [Upgrade] Alternatively you can set this to 'EngineIncludeOrderVersion.Latest' to always use the latest include order. This will potentially cause compile errors when integrating new versions of the engine.
  [Upgrade]
  Determining max actions to execute in parallel (8 physical cores, 16 logical cores)
    Executing up to 8 processes, one per physical core
  Building 15 actions with 8 processes...
  [1/15] Resource Default.rc2
  [2/15] Compile SharedPCH.Engine.ShadowErrors.InclOrderUnreal5_0.cpp
  [3/15] Compile VeganZombieCropApocalypse.cpp
  [4/15] Compile VeganZombieCropApocalypse.init.gen.cpp
  [5/15] Compile PawnSwitcher.gen.cpp
  [6/15] Compile Recipebuilder.gen.cpp
  [7/15] Compile Grabber.gen.cpp
  [8/15] Compile Grabber.cpp
  [9/15] Compile DetectionComponent.cpp
  [10/15] Compile Recipebuilder.cpp
  [11/15] Compile DetectionComponent.gen.cpp
  [12/15] Compile PawnSwitcher.cpp
  [13/15] Link UnrealEditor-VeganZombieCropApocalypse.lib
     Creating library C:\Users\khemb\Documents\GitHub\vegan-harvest\VZCA 5.1\Intermediate\Build\Win64\UnrealEditor\Development\VeganZombieCropApocalypse\UnrealEditor-VeganZombieCropApocalypse.lib and object C:\Users\khemb\Documents\GitHub\vegan-harvest\VZCA 5.1\Intermediate\Build\Win64\UnrealEditor\Development\VeganZombieCropApocalypse\UnrealEditor-VeganZombieCropApocalypse.exp
  [14/15] Link UnrealEditor-VeganZombieCropApocalypse.dll
     Creating library C:\Users\khemb\Documents\GitHub\vegan-harvest\VZCA 5.1\Intermediate\Build\Win64\UnrealEditor\Development\VeganZombieCropApocalypse\UnrealEditor-VeganZombieCropApocalypse.suppressed.lib and object C:\Users\khemb\Documents\GitHub\vegan-harvest\VZCA 5.1\Intermediate\Build\Win64\UnrealEditor\Development\VeganZombieCropApocalypse\UnrealEditor-VeganZombieCropApocalypse.suppressed.exp
  [15/15] WriteMetadata VeganZombieCropApocalypseEditor.target
  Total time in Parallel executor: 45.60 seconds
  Total execution time: 47.17 seconds
