[+] Containers:
 |- [+] Container: /Game/Environment/Map_01
 |   |- [+] ActorDescs:
 |   |   |- Guid:0071A2EB4F5D6F9F1DADC0B8A5010E81 BaseClass: NativeClass:/Script/Engine.SkyLight Name:SkyLight_UAID_A8A159514803358201_1296372772 Label:SkyLight SpatiallyLoaded:0 Bounds:IsValid=true, Min=(X=0.000 Y=0.000 Z=0.000), Max=(X=0.000 Y=0.000 Z=0.000) RuntimeGrid:None EditorOnly:0 RuntimeOnly:0 HLODRelevant:0
 |   |   |- Guid:00810D6E41AC5DF2ABAF57A3942867CF BaseClass: NativeClass:/Script/Landscape.Landscape Name:Landscape_UAID_A8A159514803348201_2136684595 Label:Landscape SpatiallyLoaded:0 Bounds:IsValid=true, Min=(X=-25200.000 Y=-25200.000 Z=100.000), Max=(X=-25200.000 Y=-25200.000 Z=100.000) RuntimeGrid:None EditorOnly:0 RuntimeOnly:0 HLODRelevant:0
 |   |   |- Guid:030382C347E67590C0E264B84C9F15A5 BaseClass: NativeClass:/Script/Landscape.LandscapeStreamingProxy Name:LandscapeStreamingProxy_1QFJWV23J81DZ0W4U4IKWUH6S_126_1_0_0 Label:LandscapeStreamingProxy_1_0_0 SpatiallyLoaded:1 Bounds:IsValid=true, Min=(X=-12600.000 Y=-25200.000 Z=0.000), Max=(X=0.000 Y=-12600.000 Z=200.000) RuntimeGrid:None EditorOnly:0 RuntimeOnly:0 HLODRelevant:1
 |   |   |- Guid:0347AC7C46D0B3F1C8C305BB2FF05111 BaseClass: NativeClass:/Script/Landscape.LandscapeStreamingProxy Name:LandscapeStreamingProxy_1QFJWV23J81DZ0W4U4IKWUH6S_126_3_1_0 Label:LandscapeStreamingProxy_3_1_0 SpatiallyLoaded:1 Bounds:IsValid=true, Min=(X=12600.000 Y=-12600.000 Z=0.000), Max=(X=25200.000 Y=0.000 Z=200.000) RuntimeGrid:None EditorOnly:0 RuntimeOnly:0 HLODRelevant:1
 |   |   |- Guid:05E0965D49BFB90D8B08B08A1C14A40C BaseClass: NativeClass:/Script/Engine.PlayerStart Name:PlayerStart_UAID_A8A1595148039C8501_1376282063 Label:PlayerStart SpatiallyLoaded:0 Bounds:IsValid=true, Min=(X=176555.432 Y=172969.104 Z=-247293.220), Max=(X=176635.432 Y=173049.104 Z=-247109.220) RuntimeGrid:None EditorOnly:0 RuntimeOnly:0 HLODRelevant:0
 |   |   |- Guid:0C9BB78C4E745ACEC970BFB614AA3A8B BaseClass: NativeClass:/Script/Landscape.LandscapeStreamingProxy Name:LandscapeStreamingProxy_CNUTESFMUJTUPH8D062IIES5O_252_3_0_0 Label:LandscapeStreamingProxy_3_0_0 SpatiallyLoaded:1 Bounds:IsValid=true, Min=(X=349428.345 Y=-25200.000 Z=-238974.707), Max=(X=474304.460 Y=99676.115 Z=-209136.145) RuntimeGrid:None EditorOnly:0 RuntimeOnly:0 HLODRelevant:1
 |   |   |- Guid:1C66D12D46BCFBEE1F9CD5965DFE44E9 BaseClass: NativeClass:/Script/Landscape.LandscapeStreamingProxy Name:LandscapeStreamingProxy_CNUTESFMUJTUPH8D062IIES5O_252_1_2_0 Label:LandscapeStreamingProxy_1_2_0 SpatiallyLoaded:1 Bounds:IsValid=true, Min=(X=99676.115 Y=224552.230 Z=-249900.000), Max=(X=224552.230 Y=349428.345 Z=-224768.774) RuntimeGrid:None EditorOnly:0 RuntimeOnly:0 HLODRelevant:1
 |   |   |- Guid:1F0BB52747DF65D8F3A6CB904F0FEDC4 BaseClass: NativeClass:/Script/Landscape.LandscapeStreamingProxy Name:LandscapeStreamingProxy_CNUTESFMUJTUPH8D062IIES5O_252_1_3_0 Label:LandscapeStreamingProxy_1_3_0 SpatiallyLoaded:1 Bounds:IsValid=true, Min=(X=99676.115 Y=349428.345 Z=-246115.820), Max=(X=224552.230 Y=474304.460 Z=-221701.758) RuntimeGrid:None EditorOnly:0 RuntimeOnly:0 HLODRelevant:1
 |   |   |- Guid:20A55DED41A0F8CC9BE538AC63F5AEBD BaseClass: NativeClass:/Script/Landscape.LandscapeStreamingProxy Name:LandscapeStreamingProxy_1QFJWV23J81DZ0W4U4IKWUH6S_126_1_3_0 Label:LandscapeStreamingProxy_1_3_0 SpatiallyLoaded:1 Bounds:IsValid=true, Min=(X=-12600.000 Y=12600.000 Z=0.000), Max=(X=0.000 Y=25200.000 Z=200.000) RuntimeGrid:None EditorOnly:0 RuntimeOnly:0 HLODRelevant:1
 |   |   |- Guid:2D1ADE9949618B3500D3C2B9321A13CD BaseClass: NativeClass:/Script/Landscape.LandscapeStreamingProxy Name:LandscapeStreamingProxy_CNUTESFMUJTUPH8D062IIES5O_252_1_0_0 Label:LandscapeStreamingProxy_1_0_0 SpatiallyLoaded:1 Bounds:IsValid=true, Min=(X=99676.115 Y=-25200.000 Z=-242873.328), Max=(X=224552.230 Y=99676.115 Z=-221762.793) RuntimeGrid:None EditorOnly:0 RuntimeOnly:0 HLODRelevant:1
 |   |   |- Guid:3871EDC44DC6E904283C88AE873FB6AF BaseClass: NativeClass:/Script/Landscape.Landscape Name:Landscape_UAID_A8A1595148039D8501_2025524240 Label:Landscape2 SpatiallyLoaded:0 Bounds:IsValid=true, Min=(X=-25200.000 Y=-25200.000 Z=100.000), Max=(X=-25200.000 Y=-25200.000 Z=100.000) RuntimeGrid:None EditorOnly:0 RuntimeOnly:0 HLODRelevant:0
 |   |   |- Guid:3C3D1A32469222BF64A78FA4DCC335A7 BaseClass: NativeClass:/Script/Landscape.LandscapeStreamingProxy Name:LandscapeStreamingProxy_CNUTESFMUJTUPH8D062IIES5O_252_0_3_0 Label:LandscapeStreamingProxy_0_3_0 SpatiallyLoaded:1 Bounds:IsValid=true, Min=(X=-25200.000 Y=349428.345 Z=-248328.345), Max=(X=99676.115 Y=474304.460 Z=-221747.534) RuntimeGrid:None EditorOnly:0 RuntimeOnly:0 HLODRelevant:1
 |   |   |- Guid:3CC787294A679CC0B06353B6223A1319 BaseClass: NativeClass:/Script/Landscape.LandscapeStreamingProxy Name:LandscapeStreamingProxy_1QFJWV23J81DZ0W4U4IKWUH6S_126_2_3_0 Label:LandscapeStreamingProxy_2_3_0 SpatiallyLoaded:1 Bounds:IsValid=true, Min=(X=0.000 Y=12600.000 Z=0.000), Max=(X=12600.000 Y=25200.000 Z=200.000) RuntimeGrid:None EditorOnly:0 RuntimeOnly:0 HLODRelevant:1
 |   |   |- Guid:488E68D24475DF4D978475AEDACFA6B7 BaseClass: NativeClass:/Script/Landscape.LandscapeStreamingProxy Name:LandscapeStreamingProxy_CNUTESFMUJTUPH8D062IIES5O_252_0_2_0 Label:LandscapeStreamingProxy_0_2_0 SpatiallyLoaded:1 Bounds:IsValid=true, Min=(X=-25200.000 Y=224552.230 Z=-249846.594), Max=(X=99676.115 Y=349428.345 Z=-223761.694) RuntimeGrid:None EditorOnly:0 RuntimeOnly:0 HLODRelevant:1
 |   |   |- Guid:4BF2864848E2B0FFF218CB930D35E0B0 BaseClass: NativeClass:/Script/Landscape.LandscapeStreamingProxy Name:LandscapeStreamingProxy_1QFJWV23J81DZ0W4U4IKWUH6S_126_2_2_0 Label:LandscapeStreamingProxy_2_2_0 SpatiallyLoaded:1 Bounds:IsValid=true, Min=(X=0.000 Y=0.000 Z=0.000), Max=(X=12600.000 Y=12600.000 Z=200.000) RuntimeGrid:None EditorOnly:0 RuntimeOnly:0 HLODRelevant:1
 |   |   |- Guid:5121CA724D1A26112012DDAE0DA5D7E8 BaseClass: NativeClass:/Script/Landscape.LandscapeStreamingProxy Name:LandscapeStreamingProxy_1QFJWV23J81DZ0W4U4IKWUH6S_126_0_3_0 Label:LandscapeStreamingProxy_0_3_0 SpatiallyLoaded:1 Bounds:IsValid=true, Min=(X=-25200.000 Y=12600.000 Z=0.000), Max=(X=-12600.000 Y=25200.000 Z=200.000) RuntimeGrid:None EditorOnly:0 RuntimeOnly:0 HLODRelevant:1
 |   |   |- Guid:5503648345E8BC1590C83988D6DCB425 BaseClass: NativeClass:/Script/Landscape.LandscapeStreamingProxy Name:LandscapeStreamingProxy_CNUTESFMUJTUPH8D062IIES5O_252_3_2_0 Label:LandscapeStreamingProxy_3_2_0 SpatiallyLoaded:1 Bounds:IsValid=true, Min=(X=349428.345 Y=224552.230 Z=-249900.000), Max=(X=474304.460 Y=349428.345 Z=-227187.292) RuntimeGrid:None EditorOnly:0 RuntimeOnly:0 HLODRelevant:1
 |   |   |- Guid:5C5DB2AE44032857523B49BD7B3B9A86 BaseClass: NativeClass:/Script/Landscape.LandscapeStreamingProxy Name:LandscapeStreamingProxy_1QFJWV23J81DZ0W4U4IKWUH6S_126_0_2_0 Label:LandscapeStreamingProxy_0_2_0 SpatiallyLoaded:1 Bounds:IsValid=true, Min=(X=-25200.000 Y=0.000 Z=0.000), Max=(X=-12600.000 Y=12600.000 Z=200.000) RuntimeGrid:None EditorOnly:0 RuntimeOnly:0 HLODRelevant:1
 |   |   |- Guid:600FA33349B60F0A1B366E83BDC56725 BaseClass: NativeClass:/Script/Landscape.LandscapeStreamingProxy Name:LandscapeStreamingProxy_CNUTESFMUJTUPH8D062IIES5O_252_3_3_0 Label:LandscapeStreamingProxy_3_3_0 SpatiallyLoaded:1 Bounds:IsValid=true, Min=(X=349428.345 Y=349428.345 Z=-242804.663), Max=(X=474304.460 Y=474304.460 Z=-221732.275) RuntimeGrid:None EditorOnly:0 RuntimeOnly:0 HLODRelevant:1
 |   |   |- Guid:6BE9918A4BD140967DBD939D32FCE806 BaseClass: NativeClass:/Script/Landscape.LandscapeStreamingProxy Name:LandscapeStreamingProxy_1QFJWV23J81DZ0W4U4IKWUH6S_126_3_3_0 Label:LandscapeStreamingProxy_3_3_0 SpatiallyLoaded:1 Bounds:IsValid=true, Min=(X=12600.000 Y=12600.000 Z=0.000), Max=(X=25200.000 Y=25200.000 Z=200.000) RuntimeGrid:None EditorOnly:0 RuntimeOnly:0 HLODRelevant:1
 |   |   |- Guid:7324EFF84DE968B5418AF6B66CB17235 BaseClass: NativeClass:/Script/Landscape.LandscapeStreamingProxy Name:LandscapeStreamingProxy_1QFJWV23J81DZ0W4U4IKWUH6S_126_2_1_0 Label:LandscapeStreamingProxy_2_1_0 SpatiallyLoaded:1 Bounds:IsValid=true, Min=(X=0.000 Y=-12600.000 Z=0.000), Max=(X=12600.000 Y=0.000 Z=200.000) RuntimeGrid:None EditorOnly:0 RuntimeOnly:0 HLODRelevant:1
 |   |   |- Guid:7327DEAF4BDF96C7B0D9F39A05BBE50D BaseClass: NativeClass:/Script/Landscape.LandscapeStreamingProxy Name:LandscapeStreamingProxy_1QFJWV23J81DZ0W4U4IKWUH6S_126_2_0_0 Label:LandscapeStreamingProxy_2_0_0 SpatiallyLoaded:1 Bounds:IsValid=true, Min=(X=0.000 Y=-25200.000 Z=0.000), Max=(X=12600.000 Y=-12600.000 Z=200.000) RuntimeGrid:None EditorOnly:0 RuntimeOnly:0 HLODRelevant:1
 |   |   |- Guid:75338A8E488B48CAF657F88D157A26C4 BaseClass: NativeClass:/Script/Landscape.LandscapeStreamingProxy Name:LandscapeStreamingProxy_CNUTESFMUJTUPH8D062IIES5O_252_2_3_0 Label:LandscapeStreamingProxy_2_3_0 SpatiallyLoaded:1 Bounds:IsValid=true, Min=(X=224552.230 Y=349428.345 Z=-249900.000), Max=(X=349428.345 Y=474304.460 Z=-222640.173) RuntimeGrid:None EditorOnly:0 RuntimeOnly:0 HLODRelevant:1
 |   |   |- Guid:7A3B088A44CFD0D47BE05AA4F382951F BaseClass: NativeClass:/Script/Landscape.LandscapeStreamingProxy Name:LandscapeStreamingProxy_1QFJWV23J81DZ0W4U4IKWUH6S_126_3_2_0 Label:LandscapeStreamingProxy_3_2_0 SpatiallyLoaded:1 Bounds:IsValid=true, Min=(X=12600.000 Y=0.000 Z=0.000), Max=(X=25200.000 Y=12600.000 Z=200.000) RuntimeGrid:None EditorOnly:0 RuntimeOnly:0 HLODRelevant:1
 |   |   |- Guid:91B5109A48AC8FD994C56D99F46F1F12 BaseClass: NativeClass:/Script/Engine.SkyAtmosphere Name:SkyAtmosphere_UAID_A8A159514803358201_1300444774 Label:SkyAtmosphere SpatiallyLoaded:0 Bounds:IsValid=true, Min=(X=0.000 Y=0.000 Z=0.000), Max=(X=0.000 Y=0.000 Z=0.000) RuntimeGrid:None EditorOnly:0 RuntimeOnly:0 HLODRelevant:0
 |   |   |- Guid:942268184C95BFA233C0D592595BE481 BaseClass: NativeClass:/Script/Landscape.LandscapeStreamingProxy Name:LandscapeStreamingProxy_CNUTESFMUJTUPH8D062IIES5O_252_3_1_0 Label:LandscapeStreamingProxy_3_1_0 SpatiallyLoaded:1 Bounds:IsValid=true, Min=(X=349428.345 Y=99676.115 Z=-249900.000), Max=(X=474304.460 Y=224552.230 Z=-223586.218) RuntimeGrid:None EditorOnly:0 RuntimeOnly:0 HLODRelevant:1
 |   |   |- Guid:9EF91A304373046AB22C9FB3F92DF68A BaseClass: NativeClass:/Script/Landscape.LandscapeStreamingProxy Name:LandscapeStreamingProxy_CNUTESFMUJTUPH8D062IIES5O_252_0_0_0 Label:LandscapeStreamingProxy_0_0_0 SpatiallyLoaded:1 Bounds:IsValid=true, Min=(X=-25200.000 Y=-25200.000 Z=-249900.000), Max=(X=99676.115 Y=99676.115 Z=-222663.062) RuntimeGrid:None EditorOnly:0 RuntimeOnly:0 HLODRelevant:1
 |   |   |- Guid:B451B6DF441887B00F7B30A355A3CEF7 BaseClass: NativeClass:/Script/Engine.DirectionalLight Name:DirectionalLight_UAID_A8A159514803358201_1297571773 Label:DirectionalLight SpatiallyLoaded:0 Bounds:IsValid=true, Min=(X=-4398046511104.000 Y=-4398046511104.000 Z=-4398046511104.000), Max=(X=4398046511104.000 Y=4398046511104.000 Z=4398046511104.000) RuntimeGrid:None EditorOnly:0 RuntimeOnly:0 HLODRelevant:0
 |   |   |- Guid:B6B0F5FF4793DB6663D176812CB75757 BaseClass: NativeClass:/Script/Landscape.LandscapeStreamingProxy Name:LandscapeStreamingProxy_1QFJWV23J81DZ0W4U4IKWUH6S_126_1_2_0 Label:LandscapeStreamingProxy_1_2_0 SpatiallyLoaded:1 Bounds:IsValid=true, Min=(X=-12600.000 Y=0.000 Z=0.000), Max=(X=0.000 Y=12600.000 Z=200.000) RuntimeGrid:None EditorOnly:0 RuntimeOnly:0 HLODRelevant:1
 |   |   |- Guid:B908C2D64B537DD7C8D0418A7B8A9F89 BaseClass: NativeClass:/Script/Landscape.LandscapeStreamingProxy Name:LandscapeStreamingProxy_1QFJWV23J81DZ0W4U4IKWUH6S_126_3_0_0 Label:LandscapeStreamingProxy_3_0_0 SpatiallyLoaded:1 Bounds:IsValid=true, Min=(X=12600.000 Y=-25200.000 Z=0.000), Max=(X=25200.000 Y=-12600.000 Z=200.000) RuntimeGrid:None EditorOnly:0 RuntimeOnly:0 HLODRelevant:1
 |   |   |- Guid:BB53044E4379387625D508A4E12E99CD BaseClass: NativeClass:/Script/Landscape.LandscapeStreamingProxy Name:LandscapeStreamingProxy_1QFJWV23J81DZ0W4U4IKWUH6S_126_0_1_0 Label:LandscapeStreamingProxy_0_1_0 SpatiallyLoaded:1 Bounds:IsValid=true, Min=(X=-25200.000 Y=-12600.000 Z=0.000), Max=(X=-12600.000 Y=0.000 Z=200.000) RuntimeGrid:None EditorOnly:0 RuntimeOnly:0 HLODRelevant:1
 |   |   |- Guid:BD7005EE4A654818D5D485BE98513515 BaseClass: NativeClass:/Script/Engine.WorldDataLayers Name:WorldDataLayers Label:WorldDataLayers SpatiallyLoaded:0 Bounds:IsValid=true, Min=(X=0.000 Y=0.000 Z=0.000), Max=(X=0.000 Y=0.000 Z=0.000) RuntimeGrid:None EditorOnly:0 RuntimeOnly:0 HLODRelevant:0
 |   |   |- Guid:BD89918E422410FA1548C385FE1D2B13 BaseClass: NativeClass:/Script/Landscape.LandscapeStreamingProxy Name:LandscapeStreamingProxy_CNUTESFMUJTUPH8D062IIES5O_252_2_0_0 Label:LandscapeStreamingProxy_2_0_0 SpatiallyLoaded:1 Bounds:IsValid=true, Min=(X=224552.230 Y=-25200.000 Z=-238173.621), Max=(X=349428.345 Y=99676.115 Z=-208815.710) RuntimeGrid:None EditorOnly:0 RuntimeOnly:0 HLODRelevant:1
 |   |   |- Guid:C257F29144F00ED543937B9625871A6A BaseClass: NativeClass:/Script/Landscape.LandscapeStreamingProxy Name:LandscapeStreamingProxy_1QFJWV23J81DZ0W4U4IKWUH6S_126_0_0_0 Label:LandscapeStreamingProxy_0_0_0 SpatiallyLoaded:1 Bounds:IsValid=true, Min=(X=-25200.000 Y=-25200.000 Z=0.000), Max=(X=-12600.000 Y=-12600.000 Z=200.000) RuntimeGrid:None EditorOnly:0 RuntimeOnly:0 HLODRelevant:1
 |   |   |- Guid:C7264F9E4DEB4662D978DAA26B4DB922 BaseClass: NativeClass:/Script/Landscape.LandscapeStreamingProxy Name:LandscapeStreamingProxy_CNUTESFMUJTUPH8D062IIES5O_252_1_1_0 Label:LandscapeStreamingProxy_1_1_0 SpatiallyLoaded:1 Bounds:IsValid=true, Min=(X=99676.115 Y=99676.115 Z=-249900.000), Max=(X=224552.230 Y=224552.230 Z=-233428.137) RuntimeGrid:None EditorOnly:0 RuntimeOnly:0 HLODRelevant:1
 |   |   |- Guid:C94ADBA64946A3EE96248EA9BA5543BA BaseClass: NativeClass:/Script/Landscape.LandscapeStreamingProxy Name:LandscapeStreamingProxy_CNUTESFMUJTUPH8D062IIES5O_252_2_1_0 Label:LandscapeStreamingProxy_2_1_0 SpatiallyLoaded:1 Bounds:IsValid=true, Min=(X=224552.230 Y=99676.115 Z=-249900.000), Max=(X=349428.345 Y=224552.230 Z=-230971.472) RuntimeGrid:None EditorOnly:0 RuntimeOnly:0 HLODRelevant:1
 |   |   |- Guid:D014B7DD44DFB83E3A58B59513C87FF9 BaseClass: NativeClass:/Script/Landscape.LandscapeStreamingProxy Name:LandscapeStreamingProxy_CNUTESFMUJTUPH8D062IIES5O_252_0_1_0 Label:LandscapeStreamingProxy_0_1_0 SpatiallyLoaded:1 Bounds:IsValid=true, Min=(X=-25200.000 Y=99676.115 Z=-249900.000), Max=(X=99676.115 Y=224552.230 Z=-239051.001) RuntimeGrid:None EditorOnly:0 RuntimeOnly:0 HLODRelevant:1
 |   |   |- Guid:D41FC9B5476DBF833B279294009F1172 BaseClass: NativeClass:/Script/Landscape.LandscapeStreamingProxy Name:LandscapeStreamingProxy_CNUTESFMUJTUPH8D062IIES5O_252_2_2_0 Label:LandscapeStreamingProxy_2_2_0 SpatiallyLoaded:1 Bounds:IsValid=true, Min=(X=224552.230 Y=224552.230 Z=-249900.000), Max=(X=349428.345 Y=349428.345 Z=-239668.982) RuntimeGrid:None EditorOnly:0 RuntimeOnly:0 HLODRelevant:1
 |   |   |- Guid:D4DB59834A764C141491398F3608A34C BaseClass: NativeClass:/Script/Landscape.LandscapeStreamingProxy Name:LandscapeStreamingProxy_1QFJWV23J81DZ0W4U4IKWUH6S_126_1_1_0 Label:LandscapeStreamingProxy_1_1_0 SpatiallyLoaded:1 Bounds:IsValid=true, Min=(X=-12600.000 Y=-12600.000 Z=0.000), Max=(X=0.000 Y=0.000 Z=200.000) RuntimeGrid:None EditorOnly:0 RuntimeOnly:0 HLODRelevant:1
 |   |   |- Guid:D50B8A65409C0EBCC9D7A3BCF994897F BaseClass: NativeClass:/Script/Engine.VolumetricCloud Name:VolumetricCloud_UAID_A8A159514803358201_1310023775 Label:VolumetricCloud SpatiallyLoaded:0 Bounds:IsValid=true, Min=(X=0.000 Y=0.000 Z=0.000), Max=(X=0.000 Y=0.000 Z=0.000) RuntimeGrid:None EditorOnly:0 RuntimeOnly:0 HLODRelevant:0
 |   |- [+] Clusters:
 |   |   |- [+] [  0]
 |   |   |   |- Guid:5121CA724D1A26112012DDAE0DA5D7E8 BaseClass: NativeClass:/Script/Landscape.LandscapeStreamingProxy Name:LandscapeStreamingProxy_1QFJWV23J81DZ0W4U4IKWUH6S_126_0_3_0 Label:LandscapeStreamingProxy_0_3_0 SpatiallyLoaded:1 Bounds:IsValid=true, Min=(X=-25200.000 Y=12600.000 Z=0.000), Max=(X=-12600.000 Y=25200.000 Z=200.000) RuntimeGrid:None EditorOnly:0 RuntimeOnly:0 HLODRelevant:1
 |   |   |- [+] [  1]
 |   |   |   |- Guid:D41FC9B5476DBF833B279294009F1172 BaseClass: NativeClass:/Script/Landscape.LandscapeStreamingProxy Name:LandscapeStreamingProxy_CNUTESFMUJTUPH8D062IIES5O_252_2_2_0 Label:LandscapeStreamingProxy_2_2_0 SpatiallyLoaded:1 Bounds:IsValid=true, Min=(X=224552.230 Y=224552.230 Z=-249900.000), Max=(X=349428.345 Y=349428.345 Z=-239668.982) RuntimeGrid:None EditorOnly:0 RuntimeOnly:0 HLODRelevant:1
 |   |   |- [+] [  2]
 |   |   |   |- Guid:3CC787294A679CC0B06353B6223A1319 BaseClass: NativeClass:/Script/Landscape.LandscapeStreamingProxy Name:LandscapeStreamingProxy_1QFJWV23J81DZ0W4U4IKWUH6S_126_2_3_0 Label:LandscapeStreamingProxy_2_3_0 SpatiallyLoaded:1 Bounds:IsValid=true, Min=(X=0.000 Y=12600.000 Z=0.000), Max=(X=12600.000 Y=25200.000 Z=200.000) RuntimeGrid:None EditorOnly:0 RuntimeOnly:0 HLODRelevant:1
 |   |   |- [+] [  3]
 |   |   |   |- Guid:3871EDC44DC6E904283C88AE873FB6AF BaseClass: NativeClass:/Script/Landscape.Landscape Name:Landscape_UAID_A8A1595148039D8501_2025524240 Label:Landscape2 SpatiallyLoaded:0 Bounds:IsValid=true, Min=(X=-25200.000 Y=-25200.000 Z=100.000), Max=(X=-25200.000 Y=-25200.000 Z=100.000) RuntimeGrid:None EditorOnly:0 RuntimeOnly:0 HLODRelevant:0
 |   |   |- [+] [  4]
 |   |   |   |- Guid:D50B8A65409C0EBCC9D7A3BCF994897F BaseClass: NativeClass:/Script/Engine.VolumetricCloud Name:VolumetricCloud_UAID_A8A159514803358201_1310023775 Label:VolumetricCloud SpatiallyLoaded:0 Bounds:IsValid=true, Min=(X=0.000 Y=0.000 Z=0.000), Max=(X=0.000 Y=0.000 Z=0.000) RuntimeGrid:None EditorOnly:0 RuntimeOnly:0 HLODRelevant:0
 |   |   |- [+] [  5]
 |   |   |   |- Guid:C7264F9E4DEB4662D978DAA26B4DB922 BaseClass: NativeClass:/Script/Landscape.LandscapeStreamingProxy Name:LandscapeStreamingProxy_CNUTESFMUJTUPH8D062IIES5O_252_1_1_0 Label:LandscapeStreamingProxy_1_1_0 SpatiallyLoaded:1 Bounds:IsValid=true, Min=(X=99676.115 Y=99676.115 Z=-249900.000), Max=(X=224552.230 Y=224552.230 Z=-233428.137) RuntimeGrid:None EditorOnly:0 RuntimeOnly:0 HLODRelevant:1
 |   |   |- [+] [  6]
 |   |   |   |- Guid:0C9BB78C4E745ACEC970BFB614AA3A8B BaseClass: NativeClass:/Script/Landscape.LandscapeStreamingProxy Name:LandscapeStreamingProxy_CNUTESFMUJTUPH8D062IIES5O_252_3_0_0 Label:LandscapeStreamingProxy_3_0_0 SpatiallyLoaded:1 Bounds:IsValid=true, Min=(X=349428.345 Y=-25200.000 Z=-238974.707), Max=(X=474304.460 Y=99676.115 Z=-209136.145) RuntimeGrid:None EditorOnly:0 RuntimeOnly:0 HLODRelevant:1
 |   |   |- [+] [  7]
 |   |   |   |- Guid:4BF2864848E2B0FFF218CB930D35E0B0 BaseClass: NativeClass:/Script/Landscape.LandscapeStreamingProxy Name:LandscapeStreamingProxy_1QFJWV23J81DZ0W4U4IKWUH6S_126_2_2_0 Label:LandscapeStreamingProxy_2_2_0 SpatiallyLoaded:1 Bounds:IsValid=true, Min=(X=0.000 Y=0.000 Z=0.000), Max=(X=12600.000 Y=12600.000 Z=200.000) RuntimeGrid:None EditorOnly:0 RuntimeOnly:0 HLODRelevant:1
 |   |   |- [+] [  8]
 |   |   |   |- Guid:600FA33349B60F0A1B366E83BDC56725 BaseClass: NativeClass:/Script/Landscape.LandscapeStreamingProxy Name:LandscapeStreamingProxy_CNUTESFMUJTUPH8D062IIES5O_252_3_3_0 Label:LandscapeStreamingProxy_3_3_0 SpatiallyLoaded:1 Bounds:IsValid=true, Min=(X=349428.345 Y=349428.345 Z=-242804.663), Max=(X=474304.460 Y=474304.460 Z=-221732.275) RuntimeGrid:None EditorOnly:0 RuntimeOnly:0 HLODRelevant:1
 |   |   |- [+] [  9]
 |   |   |   |- Guid:00810D6E41AC5DF2ABAF57A3942867CF BaseClass: NativeClass:/Script/Landscape.Landscape Name:Landscape_UAID_A8A159514803348201_2136684595 Label:Landscape SpatiallyLoaded:0 Bounds:IsValid=true, Min=(X=-25200.000 Y=-25200.000 Z=100.000), Max=(X=-25200.000 Y=-25200.000 Z=100.000) RuntimeGrid:None EditorOnly:0 RuntimeOnly:0 HLODRelevant:0
 |   |   |- [+] [ 10]
 |   |   |   |- Guid:BB53044E4379387625D508A4E12E99CD BaseClass: NativeClass:/Script/Landscape.LandscapeStreamingProxy Name:LandscapeStreamingProxy_1QFJWV23J81DZ0W4U4IKWUH6S_126_0_1_0 Label:LandscapeStreamingProxy_0_1_0 SpatiallyLoaded:1 Bounds:IsValid=true, Min=(X=-25200.000 Y=-12600.000 Z=0.000), Max=(X=-12600.000 Y=0.000 Z=200.000) RuntimeGrid:None EditorOnly:0 RuntimeOnly:0 HLODRelevant:1
 |   |   |- [+] [ 11]
 |   |   |   |- Guid:91B5109A48AC8FD994C56D99F46F1F12 BaseClass: NativeClass:/Script/Engine.SkyAtmosphere Name:SkyAtmosphere_UAID_A8A159514803358201_1300444774 Label:SkyAtmosphere SpatiallyLoaded:0 Bounds:IsValid=true, Min=(X=0.000 Y=0.000 Z=0.000), Max=(X=0.000 Y=0.000 Z=0.000) RuntimeGrid:None EditorOnly:0 RuntimeOnly:0 HLODRelevant:0
 |   |   |- [+] [ 12]
 |   |   |   |- Guid:C94ADBA64946A3EE96248EA9BA5543BA BaseClass: NativeClass:/Script/Landscape.LandscapeStreamingProxy Name:LandscapeStreamingProxy_CNUTESFMUJTUPH8D062IIES5O_252_2_1_0 Label:LandscapeStreamingProxy_2_1_0 SpatiallyLoaded:1 Bounds:IsValid=true, Min=(X=224552.230 Y=99676.115 Z=-249900.000), Max=(X=349428.345 Y=224552.230 Z=-230971.472) RuntimeGrid:None EditorOnly:0 RuntimeOnly:0 HLODRelevant:1
 |   |   |- [+] [ 13]
 |   |   |   |- Guid:9EF91A304373046AB22C9FB3F92DF68A BaseClass: NativeClass:/Script/Landscape.LandscapeStreamingProxy Name:LandscapeStreamingProxy_CNUTESFMUJTUPH8D062IIES5O_252_0_0_0 Label:LandscapeStreamingProxy_0_0_0 SpatiallyLoaded:1 Bounds:IsValid=true, Min=(X=-25200.000 Y=-25200.000 Z=-249900.000), Max=(X=99676.115 Y=99676.115 Z=-222663.062) RuntimeGrid:None EditorOnly:0 RuntimeOnly:0 HLODRelevant:1
 |   |   |- [+] [ 14]
 |   |   |   |- Guid:030382C347E67590C0E264B84C9F15A5 BaseClass: NativeClass:/Script/Landscape.LandscapeStreamingProxy Name:LandscapeStreamingProxy_1QFJWV23J81DZ0W4U4IKWUH6S_126_1_0_0 Label:LandscapeStreamingProxy_1_0_0 SpatiallyLoaded:1 Bounds:IsValid=true, Min=(X=-12600.000 Y=-25200.000 Z=0.000), Max=(X=0.000 Y=-12600.000 Z=200.000) RuntimeGrid:None EditorOnly:0 RuntimeOnly:0 HLODRelevant:1
 |   |   |- [+] [ 15]
 |   |   |   |- Guid:5503648345E8BC1590C83988D6DCB425 BaseClass: NativeClass:/Script/Landscape.LandscapeStreamingProxy Name:LandscapeStreamingProxy_CNUTESFMUJTUPH8D062IIES5O_252_3_2_0 Label:LandscapeStreamingProxy_3_2_0 SpatiallyLoaded:1 Bounds:IsValid=true, Min=(X=349428.345 Y=224552.230 Z=-249900.000), Max=(X=474304.460 Y=349428.345 Z=-227187.292) RuntimeGrid:None EditorOnly:0 RuntimeOnly:0 HLODRelevant:1
 |   |   |- [+] [ 16]
 |   |   |   |- Guid:D4DB59834A764C141491398F3608A34C BaseClass: NativeClass:/Script/Landscape.LandscapeStreamingProxy Name:LandscapeStreamingProxy_1QFJWV23J81DZ0W4U4IKWUH6S_126_1_1_0 Label:LandscapeStreamingProxy_1_1_0 SpatiallyLoaded:1 Bounds:IsValid=true, Min=(X=-12600.000 Y=-12600.000 Z=0.000), Max=(X=0.000 Y=0.000 Z=200.000) RuntimeGrid:None EditorOnly:0 RuntimeOnly:0 HLODRelevant:1
 |   |   |- [+] [ 17]
 |   |   |   |- Guid:3C3D1A32469222BF64A78FA4DCC335A7 BaseClass: NativeClass:/Script/Landscape.LandscapeStreamingProxy Name:LandscapeStreamingProxy_CNUTESFMUJTUPH8D062IIES5O_252_0_3_0 Label:LandscapeStreamingProxy_0_3_0 SpatiallyLoaded:1 Bounds:IsValid=true, Min=(X=-25200.000 Y=349428.345 Z=-248328.345), Max=(X=99676.115 Y=474304.460 Z=-221747.534) RuntimeGrid:None EditorOnly:0 RuntimeOnly:0 HLODRelevant:1
 |   |   |- [+] [ 18]
 |   |   |   |- Guid:BD7005EE4A654818D5D485BE98513515 BaseClass: NativeClass:/Script/Engine.WorldDataLayers Name:WorldDataLayers Label:WorldDataLayers SpatiallyLoaded:0 Bounds:IsValid=true, Min=(X=0.000 Y=0.000 Z=0.000), Max=(X=0.000 Y=0.000 Z=0.000) RuntimeGrid:None EditorOnly:0 RuntimeOnly:0 HLODRelevant:0
 |   |   |- [+] [ 19]
 |   |   |   |- Guid:7A3B088A44CFD0D47BE05AA4F382951F BaseClass: NativeClass:/Script/Landscape.LandscapeStreamingProxy Name:LandscapeStreamingProxy_1QFJWV23J81DZ0W4U4IKWUH6S_126_3_2_0 Label:LandscapeStreamingProxy_3_2_0 SpatiallyLoaded:1 Bounds:IsValid=true, Min=(X=12600.000 Y=0.000 Z=0.000), Max=(X=25200.000 Y=12600.000 Z=200.000) RuntimeGrid:None EditorOnly:0 RuntimeOnly:0 HLODRelevant:1
 |   |   |- [+] [ 20]
 |   |   |   |- Guid:488E68D24475DF4D978475AEDACFA6B7 BaseClass: NativeClass:/Script/Landscape.LandscapeStreamingProxy Name:LandscapeStreamingProxy_CNUTESFMUJTUPH8D062IIES5O_252_0_2_0 Label:LandscapeStreamingProxy_0_2_0 SpatiallyLoaded:1 Bounds:IsValid=true, Min=(X=-25200.000 Y=224552.230 Z=-249846.594), Max=(X=99676.115 Y=349428.345 Z=-223761.694) RuntimeGrid:None EditorOnly:0 RuntimeOnly:0 HLODRelevant:1
 |   |   |- [+] [ 21]
 |   |   |   |- Guid:7324EFF84DE968B5418AF6B66CB17235 BaseClass: NativeClass:/Script/Landscape.LandscapeStreamingProxy Name:LandscapeStreamingProxy_1QFJWV23J81DZ0W4U4IKWUH6S_126_2_1_0 Label:LandscapeStreamingProxy_2_1_0 SpatiallyLoaded:1 Bounds:IsValid=true, Min=(X=0.000 Y=-12600.000 Z=0.000), Max=(X=12600.000 Y=0.000 Z=200.000) RuntimeGrid:None EditorOnly:0 RuntimeOnly:0 HLODRelevant:1
 |   |   |- [+] [ 22]
 |   |   |   |- Guid:B6B0F5FF4793DB6663D176812CB75757 BaseClass: NativeClass:/Script/Landscape.LandscapeStreamingProxy Name:LandscapeStreamingProxy_1QFJWV23J81DZ0W4U4IKWUH6S_126_1_2_0 Label:LandscapeStreamingProxy_1_2_0 SpatiallyLoaded:1 Bounds:IsValid=true, Min=(X=-12600.000 Y=0.000 Z=0.000), Max=(X=0.000 Y=12600.000 Z=200.000) RuntimeGrid:None EditorOnly:0 RuntimeOnly:0 HLODRelevant:1
 |   |   |- [+] [ 23]
 |   |   |   |- Guid:BD89918E422410FA1548C385FE1D2B13 BaseClass: NativeClass:/Script/Landscape.LandscapeStreamingProxy Name:LandscapeStreamingProxy_CNUTESFMUJTUPH8D062IIES5O_252_2_0_0 Label:LandscapeStreamingProxy_2_0_0 SpatiallyLoaded:1 Bounds:IsValid=true, Min=(X=224552.230 Y=-25200.000 Z=-238173.621), Max=(X=349428.345 Y=99676.115 Z=-208815.710) RuntimeGrid:None EditorOnly:0 RuntimeOnly:0 HLODRelevant:1
 |   |   |- [+] [ 24]
 |   |   |   |- Guid:2D1ADE9949618B3500D3C2B9321A13CD BaseClass: NativeClass:/Script/Landscape.LandscapeStreamingProxy Name:LandscapeStreamingProxy_CNUTESFMUJTUPH8D062IIES5O_252_1_0_0 Label:LandscapeStreamingProxy_1_0_0 SpatiallyLoaded:1 Bounds:IsValid=true, Min=(X=99676.115 Y=-25200.000 Z=-242873.328), Max=(X=224552.230 Y=99676.115 Z=-221762.793) RuntimeGrid:None EditorOnly:0 RuntimeOnly:0 HLODRelevant:1
 |   |   |- [+] [ 25]
 |   |   |   |- Guid:1F0BB52747DF65D8F3A6CB904F0FEDC4 BaseClass: NativeClass:/Script/Landscape.LandscapeStreamingProxy Name:LandscapeStreamingProxy_CNUTESFMUJTUPH8D062IIES5O_252_1_3_0 Label:LandscapeStreamingProxy_1_3_0 SpatiallyLoaded:1 Bounds:IsValid=true, Min=(X=99676.115 Y=349428.345 Z=-246115.820), Max=(X=224552.230 Y=474304.460 Z=-221701.758) RuntimeGrid:None EditorOnly:0 RuntimeOnly:0 HLODRelevant:1
 |   |   |- [+] [ 26]
 |   |   |   |- Guid:D014B7DD44DFB83E3A58B59513C87FF9 BaseClass: NativeClass:/Script/Landscape.LandscapeStreamingProxy Name:LandscapeStreamingProxy_CNUTESFMUJTUPH8D062IIES5O_252_0_1_0 Label:LandscapeStreamingProxy_0_1_0 SpatiallyLoaded:1 Bounds:IsValid=true, Min=(X=-25200.000 Y=99676.115 Z=-249900.000), Max=(X=99676.115 Y=224552.230 Z=-239051.001) RuntimeGrid:None EditorOnly:0 RuntimeOnly:0 HLODRelevant:1
 |   |   |- [+] [ 27]
 |   |   |   |- Guid:0071A2EB4F5D6F9F1DADC0B8A5010E81 BaseClass: NativeClass:/Script/Engine.SkyLight Name:SkyLight_UAID_A8A159514803358201_1296372772 Label:SkyLight SpatiallyLoaded:0 Bounds:IsValid=true, Min=(X=0.000 Y=0.000 Z=0.000), Max=(X=0.000 Y=0.000 Z=0.000) RuntimeGrid:None EditorOnly:0 RuntimeOnly:0 HLODRelevant:0
 |   |   |- [+] [ 28]
 |   |   |   |- Guid:C257F29144F00ED543937B9625871A6A BaseClass: NativeClass:/Script/Landscape.LandscapeStreamingProxy Name:LandscapeStreamingProxy_1QFJWV23J81DZ0W4U4IKWUH6S_126_0_0_0 Label:LandscapeStreamingProxy_0_0_0 SpatiallyLoaded:1 Bounds:IsValid=true, Min=(X=-25200.000 Y=-25200.000 Z=0.000), Max=(X=-12600.000 Y=-12600.000 Z=200.000) RuntimeGrid:None EditorOnly:0 RuntimeOnly:0 HLODRelevant:1
 |   |   |- [+] [ 29]
 |   |   |   |- Guid:05E0965D49BFB90D8B08B08A1C14A40C BaseClass: NativeClass:/Script/Engine.PlayerStart Name:PlayerStart_UAID_A8A1595148039C8501_1376282063 Label:PlayerStart SpatiallyLoaded:0 Bounds:IsValid=true, Min=(X=176555.432 Y=172969.104 Z=-247293.220), Max=(X=176635.432 Y=173049.104 Z=-247109.220) RuntimeGrid:None EditorOnly:0 RuntimeOnly:0 HLODRelevant:0
 |   |   |- [+] [ 30]
 |   |   |   |- Guid:942268184C95BFA233C0D592595BE481 BaseClass: NativeClass:/Script/Landscape.LandscapeStreamingProxy Name:LandscapeStreamingProxy_CNUTESFMUJTUPH8D062IIES5O_252_3_1_0 Label:LandscapeStreamingProxy_3_1_0 SpatiallyLoaded:1 Bounds:IsValid=true, Min=(X=349428.345 Y=99676.115 Z=-249900.000), Max=(X=474304.460 Y=224552.230 Z=-223586.218) RuntimeGrid:None EditorOnly:0 RuntimeOnly:0 HLODRelevant:1
 |   |   |- [+] [ 31]
 |   |   |   |- Guid:5C5DB2AE44032857523B49BD7B3B9A86 BaseClass: NativeClass:/Script/Landscape.LandscapeStreamingProxy Name:LandscapeStreamingProxy_1QFJWV23J81DZ0W4U4IKWUH6S_126_0_2_0 Label:LandscapeStreamingProxy_0_2_0 SpatiallyLoaded:1 Bounds:IsValid=true, Min=(X=-25200.000 Y=0.000 Z=0.000), Max=(X=-12600.000 Y=12600.000 Z=200.000) RuntimeGrid:None EditorOnly:0 RuntimeOnly:0 HLODRelevant:1
 |   |   |- [+] [ 32]
 |   |   |   |- Guid:6BE9918A4BD140967DBD939D32FCE806 BaseClass: NativeClass:/Script/Landscape.LandscapeStreamingProxy Name:LandscapeStreamingProxy_1QFJWV23J81DZ0W4U4IKWUH6S_126_3_3_0 Label:LandscapeStreamingProxy_3_3_0 SpatiallyLoaded:1 Bounds:IsValid=true, Min=(X=12600.000 Y=12600.000 Z=0.000), Max=(X=25200.000 Y=25200.000 Z=200.000) RuntimeGrid:None EditorOnly:0 RuntimeOnly:0 HLODRelevant:1
 |   |   |- [+] [ 33]
 |   |   |   |- Guid:B908C2D64B537DD7C8D0418A7B8A9F89 BaseClass: NativeClass:/Script/Landscape.LandscapeStreamingProxy Name:LandscapeStreamingProxy_1QFJWV23J81DZ0W4U4IKWUH6S_126_3_0_0 Label:LandscapeStreamingProxy_3_0_0 SpatiallyLoaded:1 Bounds:IsValid=true, Min=(X=12600.000 Y=-25200.000 Z=0.000), Max=(X=25200.000 Y=-12600.000 Z=200.000) RuntimeGrid:None EditorOnly:0 RuntimeOnly:0 HLODRelevant:1
 |   |   |- [+] [ 34]
 |   |   |   |- Guid:1C66D12D46BCFBEE1F9CD5965DFE44E9 BaseClass: NativeClass:/Script/Landscape.LandscapeStreamingProxy Name:LandscapeStreamingProxy_CNUTESFMUJTUPH8D062IIES5O_252_1_2_0 Label:LandscapeStreamingProxy_1_2_0 SpatiallyLoaded:1 Bounds:IsValid=true, Min=(X=99676.115 Y=224552.230 Z=-249900.000), Max=(X=224552.230 Y=349428.345 Z=-224768.774) RuntimeGrid:None EditorOnly:0 RuntimeOnly:0 HLODRelevant:1
 |   |   |- [+] [ 35]
 |   |   |   |- Guid:0347AC7C46D0B3F1C8C305BB2FF05111 BaseClass: NativeClass:/Script/Landscape.LandscapeStreamingProxy Name:LandscapeStreamingProxy_1QFJWV23J81DZ0W4U4IKWUH6S_126_3_1_0 Label:LandscapeStreamingProxy_3_1_0 SpatiallyLoaded:1 Bounds:IsValid=true, Min=(X=12600.000 Y=-12600.000 Z=0.000), Max=(X=25200.000 Y=0.000 Z=200.000) RuntimeGrid:None EditorOnly:0 RuntimeOnly:0 HLODRelevant:1
 |   |   |- [+] [ 36]
 |   |   |   |- Guid:7327DEAF4BDF96C7B0D9F39A05BBE50D BaseClass: NativeClass:/Script/Landscape.LandscapeStreamingProxy Name:LandscapeStreamingProxy_1QFJWV23J81DZ0W4U4IKWUH6S_126_2_0_0 Label:LandscapeStreamingProxy_2_0_0 SpatiallyLoaded:1 Bounds:IsValid=true, Min=(X=0.000 Y=-25200.000 Z=0.000), Max=(X=12600.000 Y=-12600.000 Z=200.000) RuntimeGrid:None EditorOnly:0 RuntimeOnly:0 HLODRelevant:1
 |   |   |- [+] [ 37]
 |   |   |   |- Guid:B451B6DF441887B00F7B30A355A3CEF7 BaseClass: NativeClass:/Script/Engine.DirectionalLight Name:DirectionalLight_UAID_A8A159514803358201_1297571773 Label:DirectionalLight SpatiallyLoaded:0 Bounds:IsValid=true, Min=(X=-4398046511104.000 Y=-4398046511104.000 Z=-4398046511104.000), Max=(X=4398046511104.000 Y=4398046511104.000 Z=4398046511104.000) RuntimeGrid:None EditorOnly:0 RuntimeOnly:0 HLODRelevant:0
 |   |   |- [+] [ 38]
 |   |   |   |- Guid:75338A8E488B48CAF657F88D157A26C4 BaseClass: NativeClass:/Script/Landscape.LandscapeStreamingProxy Name:LandscapeStreamingProxy_CNUTESFMUJTUPH8D062IIES5O_252_2_3_0 Label:LandscapeStreamingProxy_2_3_0 SpatiallyLoaded:1 Bounds:IsValid=true, Min=(X=224552.230 Y=349428.345 Z=-249900.000), Max=(X=349428.345 Y=474304.460 Z=-222640.173) RuntimeGrid:None EditorOnly:0 RuntimeOnly:0 HLODRelevant:1
 |   |   |- [+] [ 39]
 |   |   |   |- Guid:20A55DED41A0F8CC9BE538AC63F5AEBD BaseClass: NativeClass:/Script/Landscape.LandscapeStreamingProxy Name:LandscapeStreamingProxy_1QFJWV23J81DZ0W4U4IKWUH6S_126_1_3_0 Label:LandscapeStreamingProxy_1_3_0 SpatiallyLoaded:1 Bounds:IsValid=true, Min=(X=-12600.000 Y=12600.000 Z=0.000), Max=(X=0.000 Y=25200.000 Z=200.000) RuntimeGrid:None EditorOnly:0 RuntimeOnly:0 HLODRelevant:1
 |- ContainerInstances:
 |- [+] MainContainer:
 |   |-        ID: 0x0000000000000000
 |   |-    Bounds: IsValid=true, Min=(X=-25200.000 Y=-25200.000 Z=-249900.000), Max=(X=474304.460 Y=474304.460 Z=200.000)
 |   |- Transform: 0.000000,0.000000,0.000000|0.000000,0.000000,-0.000000|1.000000,1.000000,1.000000
 |   |- Container: /Game/Environment/Map_01
----------------------------------------------------------------------------------------------------------------
Map_01 - Persistent Level
----------------------------------------------------------------------------------------------------------------
Always loaded Actor Count: 46 

----------------------------------------------------------------------------------------------------------------
Map_01 - Runtime Spatial Hash - Streaming Grid - MainGrid
----------------------------------------------------------------------------------------------------------------
            Origin: X=0.000 Y=0.000 Z=0.000
         Cell Size: 12800
      World Bounds: IsValid=true, Min=(X=-25200.000 Y=-25200.000 Z=-249900.000), Max=(X=474304.460 Y=474304.460 Z=200.000)
     Loading Range: 25600.00
Block Slow Loading: No
 ClientOnlyVisible: No

[+] Grid Levels: 8
 |- Level  0: Cell Count   16 | Cell Size   12800 | Actor Count   16 (50.0%)
 |- Level  1: Cell Count    0 | Cell Size   25600 | Actor Count    0 (0.0%)
 |- Level  2: Cell Count    0 | Cell Size   51200 | Actor Count    0 (0.0%)
 |- Level  3: Cell Count    0 | Cell Size  102400 | Actor Count    0 (0.0%)
 |- Level  4: Cell Count    9 | Cell Size  204800 | Actor Count   16 (50.0%)
 |- Level  5: Cell Count    0 | Cell Size  409600 | Actor Count    0 (0.0%)
 |- Level  6: Cell Count    0 | Cell Size  819200 | Actor Count    0 (0.0%)
 |- Level  7: Cell Count    0 | Cell Size 1638400 | Actor Count    0 (0.0%)

[+] Content of Grid Level 0
 |- [+] Content of Cell MainGrid_L0_X-2_Y1
 |   |- Actor Count: 1
 |   |- MinMaxZ: X=0.000 Y=200.000
 |   |- Actor Path: /Game/Environment/Map_01.Map_01:PersistentLevel.LandscapeStreamingProxy_1QFJWV23J81DZ0W4U4IKWUH6S_126_0_3_0
 |   |- Actor Package: /Game/__ExternalActors__/Environment/Map_01/0/4W/DNKZQ447D2V8ZOVD6HU41L
 |- [+] Content of Cell MainGrid_L0_X0_Y1
 |   |- Actor Count: 1
 |   |- MinMaxZ: X=0.000 Y=200.000
 |   |- Actor Path: /Game/Environment/Map_01.Map_01:PersistentLevel.LandscapeStreamingProxy_1QFJWV23J81DZ0W4U4IKWUH6S_126_2_3_0
 |   |- Actor Package: /Game/__ExternalActors__/Environment/Map_01/3/8P/DBVPBTK4BWS39YJMDTRLG9
 |- [+] Content of Cell MainGrid_L0_X0_Y0
 |   |- Actor Count: 1
 |   |- MinMaxZ: X=0.000 Y=200.000
 |   |- Actor Path: /Game/Environment/Map_01.Map_01:PersistentLevel.LandscapeStreamingProxy_1QFJWV23J81DZ0W4U4IKWUH6S_126_2_2_0
 |   |- Actor Package: /Game/__ExternalActors__/Environment/Map_01/4/NJ/8M2C3QU05J64IWGWVF6Q5F
 |- [+] Content of Cell MainGrid_L0_X-2_Y-1
 |   |- Actor Count: 1
 |   |- MinMaxZ: X=0.000 Y=200.000
 |   |- Actor Path: /Game/Environment/Map_01.Map_01:PersistentLevel.LandscapeStreamingProxy_1QFJWV23J81DZ0W4U4IKWUH6S_126_0_1_0
 |   |- Actor Package: /Game/__ExternalActors__/Environment/Map_01/5/VM/FI7NZZU91SL26LXSGYR3EP
 |- [+] Content of Cell MainGrid_L0_X-1_Y-2
 |   |- Actor Count: 1
 |   |- MinMaxZ: X=0.000 Y=200.000
 |   |- Actor Path: /Game/Environment/Map_01.Map_01:PersistentLevel.LandscapeStreamingProxy_1QFJWV23J81DZ0W4U4IKWUH6S_126_1_0_0
 |   |- Actor Package: /Game/__ExternalActors__/Environment/Map_01/6/U4/3S0D1054C8MY4UPCMGH626
 |- [+] Content of Cell MainGrid_L0_X-1_Y-1
 |   |- Actor Count: 1
 |   |- MinMaxZ: X=0.000 Y=200.000
 |   |- Actor Path: /Game/Environment/Map_01.Map_01:PersistentLevel.LandscapeStreamingProxy_1QFJWV23J81DZ0W4U4IKWUH6S_126_1_1_0
 |   |- Actor Package: /Game/__ExternalActors__/Environment/Map_01/8/SM/A10MOOWV0ZRZYHMMY1CUHV
 |- [+] Content of Cell MainGrid_L0_X1_Y0
 |   |- Actor Count: 1
 |   |- MinMaxZ: X=0.000 Y=200.000
 |   |- Actor Path: /Game/Environment/Map_01.Map_01:PersistentLevel.LandscapeStreamingProxy_1QFJWV23J81DZ0W4U4IKWUH6S_126_3_2_0
 |   |- Actor Package: /Game/__ExternalActors__/Environment/Map_01/9/LH/63TI33RPZYVM7AJT1ZMA4Y
 |- [+] Content of Cell MainGrid_L0_X0_Y-1
 |   |- Actor Count: 1
 |   |- MinMaxZ: X=0.000 Y=200.000
 |   |- Actor Path: /Game/Environment/Map_01.Map_01:PersistentLevel.LandscapeStreamingProxy_1QFJWV23J81DZ0W4U4IKWUH6S_126_2_1_0
 |   |- Actor Package: /Game/__ExternalActors__/Environment/Map_01/A/HM/MKOXZ25KB20H7FNJQDLBKO
 |- [+] Content of Cell MainGrid_L0_X-1_Y0
 |   |- Actor Count: 1
 |   |- MinMaxZ: X=0.000 Y=200.000
 |   |- Actor Path: /Game/Environment/Map_01.Map_01:PersistentLevel.LandscapeStreamingProxy_1QFJWV23J81DZ0W4U4IKWUH6S_126_1_2_0
 |   |- Actor Package: /Game/__ExternalActors__/Environment/Map_01/A/I7/2FCOBEIQRQDOS2FM6DMN0Z
 |- [+] Content of Cell MainGrid_L0_X-2_Y-2
 |   |- Actor Count: 1
 |   |- MinMaxZ: X=0.000 Y=200.000
 |   |- Actor Path: /Game/Environment/Map_01.Map_01:PersistentLevel.LandscapeStreamingProxy_1QFJWV23J81DZ0W4U4IKWUH6S_126_0_0_0
 |   |- Actor Package: /Game/__ExternalActors__/Environment/Map_01/C/4I/RPH3E7ZXIOACKTKEY224PO
 |- [+] Content of Cell MainGrid_L0_X-2_Y0
 |   |- Actor Count: 1
 |   |- MinMaxZ: X=0.000 Y=200.000
 |   |- Actor Path: /Game/Environment/Map_01.Map_01:PersistentLevel.LandscapeStreamingProxy_1QFJWV23J81DZ0W4U4IKWUH6S_126_0_2_0
 |   |- Actor Package: /Game/__ExternalActors__/Environment/Map_01/C/KO/06NOVJFUCNPR3EFRDV0XE6
 |- [+] Content of Cell MainGrid_L0_X1_Y1
 |   |- Actor Count: 1
 |   |- MinMaxZ: X=0.000 Y=200.000
 |   |- Actor Path: /Game/Environment/Map_01.Map_01:PersistentLevel.LandscapeStreamingProxy_1QFJWV23J81DZ0W4U4IKWUH6S_126_3_3_0
 |   |- Actor Package: /Game/__ExternalActors__/Environment/Map_01/D/2D/S06B2WT5GBYQDSNHJ7ZTXC
 |- [+] Content of Cell MainGrid_L0_X1_Y-2
 |   |- Actor Count: 1
 |   |- MinMaxZ: X=0.000 Y=200.000
 |   |- Actor Path: /Game/Environment/Map_01.Map_01:PersistentLevel.LandscapeStreamingProxy_1QFJWV23J81DZ0W4U4IKWUH6S_126_3_0_0
 |   |- Actor Package: /Game/__ExternalActors__/Environment/Map_01/D/2Q/MHPARG6A2XE1VVQACYO812
 |- [+] Content of Cell MainGrid_L0_X1_Y-1
 |   |- Actor Count: 1
 |   |- MinMaxZ: X=0.000 Y=200.000
 |   |- Actor Path: /Game/Environment/Map_01.Map_01:PersistentLevel.LandscapeStreamingProxy_1QFJWV23J81DZ0W4U4IKWUH6S_126_3_1_0
 |   |- Actor Package: /Game/__ExternalActors__/Environment/Map_01/D/XU/9J5LVLEQH5H4FR2N7IFKP4
 |- [+] Content of Cell MainGrid_L0_X0_Y-2
 |   |- Actor Count: 1
 |   |- MinMaxZ: X=0.000 Y=200.000
 |   |- Actor Path: /Game/Environment/Map_01.Map_01:PersistentLevel.LandscapeStreamingProxy_1QFJWV23J81DZ0W4U4IKWUH6S_126_2_0_0
 |   |- Actor Package: /Game/__ExternalActors__/Environment/Map_01/D/Z9/6IQOKKT8PLV2BQ712YWFLA
 |- [+] Content of Cell MainGrid_L0_X-1_Y1
 |   |- Actor Count: 1
 |   |- MinMaxZ: X=0.000 Y=200.000
 |   |- Actor Path: /Game/Environment/Map_01.Map_01:PersistentLevel.LandscapeStreamingProxy_1QFJWV23J81DZ0W4U4IKWUH6S_126_1_3_0
 |   |- Actor Package: /Game/__ExternalActors__/Environment/Map_01/F/21/QU1MFCGU6ZO596N5O339U4
[+] Content of Grid Level 1
[+] Content of Grid Level 2
[+] Content of Grid Level 3
[+] Content of Grid Level 4
 |- [+] Content of Cell MainGrid_L4_X1_Y1
 |   |- Actor Count: 1
 |   |- MinMaxZ: X=-249900.000 Y=-239668.982
 |   |- Actor Path: /Game/Environment/Map_01.Map_01:PersistentLevel.LandscapeStreamingProxy_CNUTESFMUJTUPH8D062IIES5O_252_2_2_0
 |   |- Actor Package: /Game/__ExternalActors__/Environment/Map_01/2/ZG/M5FWD2T556GHQ8KRTTMB49
 |- [+] Content of Cell MainGrid_L4_X0_Y0
 |   |- Actor Count: 4
 |   |- MinMaxZ: X=-249900.000 Y=-221762.793
 |   |- Actor Path: /Game/Environment/Map_01.Map_01:PersistentLevel.LandscapeStreamingProxy_CNUTESFMUJTUPH8D062IIES5O_252_1_1_0
 |   |- Actor Package: /Game/__ExternalActors__/Environment/Map_01/3/H4/02U14J1JI7TLA6JHA5LJFQ
 |   |- Actor Path: /Game/Environment/Map_01.Map_01:PersistentLevel.LandscapeStreamingProxy_CNUTESFMUJTUPH8D062IIES5O_252_0_0_0
 |   |- Actor Package: /Game/__ExternalActors__/Environment/Map_01/6/E2/KG4HYNONXJHAVZAWI4OV0M
 |   |- Actor Path: /Game/Environment/Map_01.Map_01:PersistentLevel.LandscapeStreamingProxy_CNUTESFMUJTUPH8D062IIES5O_252_1_0_0
 |   |- Actor Package: /Game/__ExternalActors__/Environment/Map_01/A/OK/C3YRXUBYXDE42FDI91KXJB
 |   |- Actor Path: /Game/Environment/Map_01.Map_01:PersistentLevel.LandscapeStreamingProxy_CNUTESFMUJTUPH8D062IIES5O_252_0_1_0
 |   |- Actor Package: /Game/__ExternalActors__/Environment/Map_01/B/I7/GWFW12TCG6730993ZCTO97
 |- [+] Content of Cell MainGrid_L4_X2_Y0
 |   |- Actor Count: 2
 |   |- MinMaxZ: X=-249900.000 Y=-209136.145
 |   |- Actor Path: /Game/Environment/Map_01.Map_01:PersistentLevel.LandscapeStreamingProxy_CNUTESFMUJTUPH8D062IIES5O_252_3_0_0
 |   |- Actor Package: /Game/__ExternalActors__/Environment/Map_01/4/BX/O99V4V60ARD0RL1O3IFHE2
 |   |- Actor Path: /Game/Environment/Map_01.Map_01:PersistentLevel.LandscapeStreamingProxy_CNUTESFMUJTUPH8D062IIES5O_252_3_1_0
 |   |- Actor Package: /Game/__ExternalActors__/Environment/Map_01/C/JS/0TW7P73E7889TXY988Z06H
 |- [+] Content of Cell MainGrid_L4_X2_Y2
 |   |- Actor Count: 1
 |   |- MinMaxZ: X=-242804.663 Y=-221732.275
 |   |- Actor Path: /Game/Environment/Map_01.Map_01:PersistentLevel.LandscapeStreamingProxy_CNUTESFMUJTUPH8D062IIES5O_252_3_3_0
 |   |- Actor Package: /Game/__ExternalActors__/Environment/Map_01/4/WK/H34XEW2K2KWET16ELZXPHS
 |- [+] Content of Cell MainGrid_L4_X1_Y0
 |   |- Actor Count: 2
 |   |- MinMaxZ: X=-249900.000 Y=-208815.710
 |   |- Actor Path: /Game/Environment/Map_01.Map_01:PersistentLevel.LandscapeStreamingProxy_CNUTESFMUJTUPH8D062IIES5O_252_2_1_0
 |   |- Actor Package: /Game/__ExternalActors__/Environment/Map_01/6/BE/J82R1BDEDXKXT7LAADRHBU
 |   |- Actor Path: /Game/Environment/Map_01.Map_01:PersistentLevel.LandscapeStreamingProxy_CNUTESFMUJTUPH8D062IIES5O_252_2_0_0
 |   |- Actor Package: /Game/__ExternalActors__/Environment/Map_01/A/NN/VA4X1Z672VXTJYL9L64K9R
 |- [+] Content of Cell MainGrid_L4_X2_Y1
 |   |- Actor Count: 1
 |   |- MinMaxZ: X=-249900.000 Y=-227187.292
 |   |- Actor Path: /Game/Environment/Map_01.Map_01:PersistentLevel.LandscapeStreamingProxy_CNUTESFMUJTUPH8D062IIES5O_252_3_2_0
 |   |- Actor Package: /Game/__ExternalActors__/Environment/Map_01/6/X1/GEBB98754MLWD8L4ZSS3Z0
 |- [+] Content of Cell MainGrid_L4_X0_Y2
 |   |- Actor Count: 2
 |   |- MinMaxZ: X=-248328.345 Y=-221701.758
 |   |- Actor Path: /Game/Environment/Map_01.Map_01:PersistentLevel.LandscapeStreamingProxy_CNUTESFMUJTUPH8D062IIES5O_252_0_3_0
 |   |- Actor Package: /Game/__ExternalActors__/Environment/Map_01/8/WV/Q2HLGPQODMLM3MNTPVZN5Q
 |   |- Actor Path: /Game/Environment/Map_01.Map_01:PersistentLevel.LandscapeStreamingProxy_CNUTESFMUJTUPH8D062IIES5O_252_1_3_0
 |   |- Actor Package: /Game/__ExternalActors__/Environment/Map_01/B/GN/1710XWWRPG4YVIT77GTIW3
 |- [+] Content of Cell MainGrid_L4_X0_Y1
 |   |- Actor Count: 2
 |   |- MinMaxZ: X=-249900.000 Y=-223761.694
 |   |- Actor Path: /Game/Environment/Map_01.Map_01:PersistentLevel.LandscapeStreamingProxy_CNUTESFMUJTUPH8D062IIES5O_252_0_2_0
 |   |- Actor Package: /Game/__ExternalActors__/Environment/Map_01/A/DE/214LLDLYVW4CTM191LJJKI
 |   |- Actor Path: /Game/Environment/Map_01.Map_01:PersistentLevel.LandscapeStreamingProxy_CNUTESFMUJTUPH8D062IIES5O_252_1_2_0
 |   |- Actor Package: /Game/__ExternalActors__/Environment/Map_01/D/HY/QEG02N28OCPY5WNQUMCH8Y
 |- [+] Content of Cell MainGrid_L4_X1_Y2
 |   |- Actor Count: 1
 |   |- MinMaxZ: X=-249900.000 Y=-222640.173
 |   |- Actor Path: /Game/Environment/Map_01.Map_01:PersistentLevel.LandscapeStreamingProxy_CNUTESFMUJTUPH8D062IIES5O_252_2_3_0
 |   |- Actor Package: /Game/__ExternalActors__/Environment/Map_01/E/V9/SD49UQR5BPRT0M1TQ9K814
[+] Content of Grid Level 5
[+] Content of Grid Level 6
[+] Content of Grid Level 7

