  Using bundled DotNet SDK
  Log file: C:\Users\Jan\AppData\Local\UnrealBuildTool\Log.txt
  Using 'git status' to determine working set for adaptive non-unity build (E:\GitHub\Harvest\vegan-harvest).
  Creating makefile for UMPGorePackEditor (no existing makefile)
  Parsing headers for UMPGorePackEditor
    Running UnrealHeaderTool "E:\GitHub\Harvest\vegan-harvest\UMPGorePack\UMPGorePack.uproject" "E:\GitHub\Harvest\vegan-harvest\UMPGorePack\Intermediate\Build\Win64\UMPGorePackEditor\Development\UMPGorePackEditor.uhtmanifest" -LogCmds="loginit warning, logexit warning, logdatabase error" -Unattended -WarningsAsErrors -abslog="C:\Users\Jan\AppData\Local\UnrealBuildTool\Log_UHT.txt" -installed
  Reflection code generated for UMPGorePackEditor in 1.120402 seconds
  Building UMPGorePackEditor...
  Using Visual Studio 2019 14.29.30138 toolchain (C:\Program Files (x86)\Microsoft Visual Studio\2019\Community\VC\Tools\MSVC\14.29.30133) and Windows 10.0.17763.0 SDK (C:\Program Files (x86)\Windows Kits\10).
  Determining max actions to execute in parallel (8 physical cores, 16 logical cores)
    Executing up to 8 processes, one per physical core
  Building 16 actions with 8 processes...
  [1/16] Resource Default.rc2
  [2/16] Resource Default.rc2
  [3/16] Compile SharedPCH.UnrealEd.ShadowErrors.cpp
  [4/16] Compile SharedPCH.Engine.ShadowErrors.cpp
  [5/16] Compile UMPGorePack.init.gen.cpp
  [6/16] Compile UMPGorePack.cpp
  [7/16] Compile Grabber.gen.cpp
  [8/16] Compile DetectionComponent.gen.cpp
  [9/16] Compile Grabber.cpp
  [10/16] Compile DetectionComponent.cpp
  [11/16] Link UnrealEditor-UMPGorePack.lib
     Creating library E:\GitHub\Harvest\vegan-harvest\UMPGorePack\Intermediate\Build\Win64\UnrealEditor\Development\UMPGorePack\UnrealEditor-UMPGorePack.lib and object E:\GitHub\Harvest\vegan-harvest\UMPGorePack\Intermediate\Build\Win64\UnrealEditor\Development\UMPGorePack\UnrealEditor-UMPGorePack.exp
  [12/16] Link UnrealEditor-UMPGorePack.dll
     Creating library E:\GitHub\Harvest\vegan-harvest\UMPGorePack\Intermediate\Build\Win64\UnrealEditor\Development\UMPGorePack\UnrealEditor-UMPGorePack.suppressed.lib and object E:\GitHub\Harvest\vegan-harvest\UMPGorePack\Intermediate\Build\Win64\UnrealEditor\Development\UMPGorePack\UnrealEditor-UMPGorePack.suppressed.exp
  [13/16] Compile Module.WorldCreatorBridge.cpp
E:\GitHub\Harvest\vegan-harvest\UMPGorePack\Plugins\WorldCreatorBridgeFor_Unreal_5_0\Source\WorldCreatorBridge\Private\WorldCreatorBridge.cpp(339): warning C4996: 'FStringAssetReference': FStringAssetReference was renamed to FSoftObjectPath as it is now not always a string and can also refer to a subobject Please update your code to the new API before upgrading to the next release, otherwise your project will no longer compile.
E:\GitHub\Harvest\vegan-harvest\UMPGorePack\Plugins\WorldCreatorBridgeFor_Unreal_5_0\Source\WorldCreatorBridge\Private\WorldCreatorBridge.cpp(557): warning C4996: 'FStringAssetReference': FStringAssetReference was renamed to FSoftObjectPath as it is now not always a string and can also refer to a subobject Please update your code to the new API before upgrading to the next release, otherwise your project will no longer compile.
E:\GitHub\Harvest\vegan-harvest\UMPGorePack\Plugins\WorldCreatorBridgeFor_Unreal_5_0\Source\WorldCreatorBridge\Private\WorldCreatorBridge.cpp(573): warning C4996: 'FStringAssetReference': FStringAssetReference was renamed to FSoftObjectPath as it is now not always a string and can also refer to a subobject Please update your code to the new API before upgrading to the next release, otherwise your project will no longer compile.
E:\GitHub\Harvest\vegan-harvest\UMPGorePack\Plugins\WorldCreatorBridgeFor_Unreal_5_0\Source\WorldCreatorBridge\Private\WorldCreatorBridge.cpp(587): warning C4996: 'FStringAssetReference': FStringAssetReference was renamed to FSoftObjectPath as it is now not always a string and can also refer to a subobject Please update your code to the new API before upgrading to the next release, otherwise your project will no longer compile.
E:\GitHub\Harvest\vegan-harvest\UMPGorePack\Plugins\WorldCreatorBridgeFor_Unreal_5_0\Source\WorldCreatorBridge\Private\WorldCreatorBridge.cpp(595): warning C4996: 'FStringAssetReference': FStringAssetReference was renamed to FSoftObjectPath as it is now not always a string and can also refer to a subobject Please update your code to the new API before upgrading to the next release, otherwise your project will no longer compile.
E:\GitHub\Harvest\vegan-harvest\UMPGorePack\Plugins\WorldCreatorBridgeFor_Unreal_5_0\Source\WorldCreatorBridge\Private\WorldCreatorBridge.cpp(607): warning C4996: 'FStringAssetReference': FStringAssetReference was renamed to FSoftObjectPath as it is now not always a string and can also refer to a subobject Please update your code to the new API before upgrading to the next release, otherwise your project will no longer compile.
E:\GitHub\Harvest\vegan-harvest\UMPGorePack\Plugins\WorldCreatorBridgeFor_Unreal_5_0\Source\WorldCreatorBridge\Private\WorldCreatorBridge.cpp(263): warning C4996: 'CreatePackage': Use CreatePackage overload that does not take the first Outer parameter. Specifying non-null outers for UPackages is no longer supported. Please update your code to the new API before upgrading to the next release, otherwise your project will no longer compile.
  [14/16] Link UnrealEditor-WorldCreatorBridge.lib
     Creating library E:\GitHub\Harvest\vegan-harvest\UMPGorePack\Plugins\WorldCreatorBridgeFor_Unreal_5_0\Intermediate\Build\Win64\UnrealEditor\Development\WorldCreatorBridge\UnrealEditor-WorldCreatorBridge.lib and object E:\GitHub\Harvest\vegan-harvest\UMPGorePack\Plugins\WorldCreatorBridgeFor_Unreal_5_0\Intermediate\Build\Win64\UnrealEditor\Development\WorldCreatorBridge\UnrealEditor-WorldCreatorBridge.exp
  [15/16] Link UnrealEditor-WorldCreatorBridge.dll
     Creating library E:\GitHub\Harvest\vegan-harvest\UMPGorePack\Plugins\WorldCreatorBridgeFor_Unreal_5_0\Intermediate\Build\Win64\UnrealEditor\Development\WorldCreatorBridge\UnrealEditor-WorldCreatorBridge.suppressed.lib and object E:\GitHub\Harvest\vegan-harvest\UMPGorePack\Plugins\WorldCreatorBridgeFor_Unreal_5_0\Intermediate\Build\Win64\UnrealEditor\Development\WorldCreatorBridge\UnrealEditor-WorldCreatorBridge.suppressed.exp
  [16/16] WriteMetadata UMPGorePackEditor.target
  Total time in Parallel executor: 41.28 seconds
  Total execution time: 43.89 seconds
