  Using bundled DotNet SDK
  Log file: C:\Users\Jan\AppData\Local\UnrealBuildTool\Log.txt
  Using 'git status' to determine working set for adaptive non-unity build (E:\GitHub\Harvest\vegan-harvest).
  Creating makefile for VeganZombieCropApocalypseEditor (no existing makefile)
  Parsing headers for VeganZombieCropApocalypseEditor
    Running UnrealHeaderTool "E:\GitHub\Harvest\vegan-harvest\VZCA\VeganZombieCropApocalypse.uproject" "E:\GitHub\Harvest\vegan-harvest\VZCA\Intermediate\Build\Win64\VeganZombieCropApocalypseEditor\Development\VeganZombieCropApocalypseEditor.uhtmanifest" -LogCmds="loginit warning, logexit warning, logdatabase error" -Unattended -WarningsAsErrors -abslog="C:\Users\Jan\AppData\Local\UnrealBuildTool\Log_UHT.txt" -installed
  Reflection code generated for VeganZombieCropApocalypseEditor in 1.4398617 seconds
  Building VeganZombieCropApocalypseEditor...
  Using Visual Studio 2019 14.29.30138 toolchain (C:\Program Files (x86)\Microsoft Visual Studio\2019\Community\VC\Tools\MSVC\14.29.30133) and Windows 10.0.17763.0 SDK (C:\Program Files (x86)\Windows Kits\10).
  Determining max actions to execute in parallel (8 physical cores, 16 logical cores)
    Executing up to 8 processes, one per physical core
  Building 18 actions with 8 processes...
  [1/18] Resource Default.rc2
  [2/18] Resource Default.rc2
  [3/18] Compile SharedPCH.UnrealEd.ShadowErrors.cpp
  [4/18] Compile SharedPCH.Engine.ShadowErrors.cpp
  [5/18] Compile VeganZombieCropApocalypse.init.gen.cpp
  [6/18] Compile VeganZombieCropApocalypse.cpp
  [7/18] Compile Grabber.cpp
  [8/18] Compile DetectionComponent.gen.cpp
  [9/18] Compile Recipebuilder.gen.cpp
  [10/18] Compile DetectionComponent.cpp
  [11/18] Compile Recipebuilder.cpp
  [12/18] Compile Grabber.gen.cpp
  [13/18] Link UnrealEditor-VeganZombieCropApocalypse.lib
     Creating library E:\GitHub\Harvest\vegan-harvest\VZCA\Intermediate\Build\Win64\UnrealEditor\Development\VeganZombieCropApocalypse\UnrealEditor-VeganZombieCropApocalypse.lib and object E:\GitHub\Harvest\vegan-harvest\VZCA\Intermediate\Build\Win64\UnrealEditor\Development\VeganZombieCropApocalypse\UnrealEditor-VeganZombieCropApocalypse.exp
  [14/18] Link UnrealEditor-VeganZombieCropApocalypse.dll
     Creating library E:\GitHub\Harvest\vegan-harvest\VZCA\Intermediate\Build\Win64\UnrealEditor\Development\VeganZombieCropApocalypse\UnrealEditor-VeganZombieCropApocalypse.suppressed.lib and object E:\GitHub\Harvest\vegan-harvest\VZCA\Intermediate\Build\Win64\UnrealEditor\Development\VeganZombieCropApocalypse\UnrealEditor-VeganZombieCropApocalypse.suppressed.exp
  [15/18] Compile Module.WorldCreatorBridge.cpp
E:\GitHub\Harvest\vegan-harvest\VZCA\Plugins\WorldCreatorBridgeFor_Unreal_5_0\Source\WorldCreatorBridge\Private\WorldCreatorBridge.cpp(339): warning C4996: 'FStringAssetReference': FStringAssetReference was renamed to FSoftObjectPath as it is now not always a string and can also refer to a subobject Please update your code to the new API before upgrading to the next release, otherwise your project will no longer compile.
E:\GitHub\Harvest\vegan-harvest\VZCA\Plugins\WorldCreatorBridgeFor_Unreal_5_0\Source\WorldCreatorBridge\Private\WorldCreatorBridge.cpp(557): warning C4996: 'FStringAssetReference': FStringAssetReference was renamed to FSoftObjectPath as it is now not always a string and can also refer to a subobject Please update your code to the new API before upgrading to the next release, otherwise your project will no longer compile.
E:\GitHub\Harvest\vegan-harvest\VZCA\Plugins\WorldCreatorBridgeFor_Unreal_5_0\Source\WorldCreatorBridge\Private\WorldCreatorBridge.cpp(573): warning C4996: 'FStringAssetReference': FStringAssetReference was renamed to FSoftObjectPath as it is now not always a string and can also refer to a subobject Please update your code to the new API before upgrading to the next release, otherwise your project will no longer compile.
E:\GitHub\Harvest\vegan-harvest\VZCA\Plugins\WorldCreatorBridgeFor_Unreal_5_0\Source\WorldCreatorBridge\Private\WorldCreatorBridge.cpp(587): warning C4996: 'FStringAssetReference': FStringAssetReference was renamed to FSoftObjectPath as it is now not always a string and can also refer to a subobject Please update your code to the new API before upgrading to the next release, otherwise your project will no longer compile.
E:\GitHub\Harvest\vegan-harvest\VZCA\Plugins\WorldCreatorBridgeFor_Unreal_5_0\Source\WorldCreatorBridge\Private\WorldCreatorBridge.cpp(595): warning C4996: 'FStringAssetReference': FStringAssetReference was renamed to FSoftObjectPath as it is now not always a string and can also refer to a subobject Please update your code to the new API before upgrading to the next release, otherwise your project will no longer compile.
E:\GitHub\Harvest\vegan-harvest\VZCA\Plugins\WorldCreatorBridgeFor_Unreal_5_0\Source\WorldCreatorBridge\Private\WorldCreatorBridge.cpp(607): warning C4996: 'FStringAssetReference': FStringAssetReference was renamed to FSoftObjectPath as it is now not always a string and can also refer to a subobject Please update your code to the new API before upgrading to the next release, otherwise your project will no longer compile.
E:\GitHub\Harvest\vegan-harvest\VZCA\Plugins\WorldCreatorBridgeFor_Unreal_5_0\Source\WorldCreatorBridge\Private\WorldCreatorBridge.cpp(263): warning C4996: 'CreatePackage': Use CreatePackage overload that does not take the first Outer parameter. Specifying non-null outers for UPackages is no longer supported. Please update your code to the new API before upgrading to the next release, otherwise your project will no longer compile.
  [16/18] Link UnrealEditor-WorldCreatorBridge.lib
     Creating library E:\GitHub\Harvest\vegan-harvest\VZCA\Plugins\WorldCreatorBridgeFor_Unreal_5_0\Intermediate\Build\Win64\UnrealEditor\Development\WorldCreatorBridge\UnrealEditor-WorldCreatorBridge.lib and object E:\GitHub\Harvest\vegan-harvest\VZCA\Plugins\WorldCreatorBridgeFor_Unreal_5_0\Intermediate\Build\Win64\UnrealEditor\Development\WorldCreatorBridge\UnrealEditor-WorldCreatorBridge.exp
  [17/18] Link UnrealEditor-WorldCreatorBridge.dll
     Creating library E:\GitHub\Harvest\vegan-harvest\VZCA\Plugins\WorldCreatorBridgeFor_Unreal_5_0\Intermediate\Build\Win64\UnrealEditor\Development\WorldCreatorBridge\UnrealEditor-WorldCreatorBridge.suppressed.lib and object E:\GitHub\Harvest\vegan-harvest\VZCA\Plugins\WorldCreatorBridgeFor_Unreal_5_0\Intermediate\Build\Win64\UnrealEditor\Development\WorldCreatorBridge\UnrealEditor-WorldCreatorBridge.suppressed.exp
  [18/18] WriteMetadata VeganZombieCropApocalypseEditor.target
  Total time in Parallel executor: 46.45 seconds
  Total execution time: 57.24 seconds
